2014-03-24 23:48:57,621 - Log4JLogChute initialized using file 'velocity.log'
2014-03-24 23:48:57,621 - Velocity was not initialized! Calling init()...
2014-03-24 23:48:57,622 - Starting Apache Velocity v1.5 (compiled: 2007-02-22 08:52:29)
2014-03-24 23:48:57,622 - Default Properties File: org/apache/velocity/runtime/defaults/velocity.properties
2014-03-24 23:48:57,622 - Trying to use logger class org.apache.velocity.runtime.log.AvalonLogChute
2014-03-24 23:48:57,623 - Couldn't find class org.apache.velocity.runtime.log.AvalonLogChute or necessary supporting classes in classpath.
java.lang.NoClassDefFoundError: org/apache/log/format/Formatter
	at java.lang.Class.forName0(Native Method)
	at java.lang.Class.forName(Class.java:270)
	at org.apache.velocity.util.ClassUtils.getClass(ClassUtils.java:63)
	at org.apache.velocity.util.ClassUtils.getNewInstance(ClassUtils.java:95)
	at org.apache.velocity.runtime.log.LogManager.createLogChute(LogManager.java:147)
	at org.apache.velocity.runtime.log.LogManager.updateLog(LogManager.java:208)
	at org.apache.velocity.runtime.RuntimeInstance.initializeLog(RuntimeInstance.java:728)
	at org.apache.velocity.runtime.RuntimeInstance.init(RuntimeInstance.java:240)
	at org.apache.velocity.runtime.RuntimeInstance.parse(RuntimeInstance.java:993)
	at org.apache.velocity.runtime.RuntimeInstance.parse(RuntimeInstance.java:972)
	at org.apache.velocity.runtime.RuntimeSingleton.parse(RuntimeSingleton.java:265)
	at org.apache.velocity.app.Velocity.evaluate(Velocity.java:274)
	at org.t0tec.tutorials.weather.WeatherFormatter.format(WeatherFormatter.java:23)
	at org.t0tec.tutorials.weather.Main.start(Main.java:38)
	at org.t0tec.tutorials.weather.Main.main(Main.java:21)
	at sun.reflect.NativeMethodAccessorImpl.invoke0(Native Method)
	at sun.reflect.NativeMethodAccessorImpl.invoke(NativeMethodAccessorImpl.java:57)
	at sun.reflect.DelegatingMethodAccessorImpl.invoke(DelegatingMethodAccessorImpl.java:43)
	at java.lang.reflect.Method.invoke(Method.java:606)
	at org.codehaus.mojo.exec.ExecJavaMojo$1.run(ExecJavaMojo.java:297)
	at java.lang.Thread.run(Thread.java:744)
Caused by: java.lang.ClassNotFoundException: org.apache.log.format.Formatter
	at java.net.URLClassLoader$1.run(URLClassLoader.java:366)
	at java.net.URLClassLoader$1.run(URLClassLoader.java:355)
	at java.security.AccessController.doPrivileged(Native Method)
	at java.net.URLClassLoader.findClass(URLClassLoader.java:354)
	at java.lang.ClassLoader.loadClass(ClassLoader.java:425)
	at java.lang.ClassLoader.loadClass(ClassLoader.java:358)
	... 21 more
2014-03-24 23:48:57,624 - Trying to use logger class org.apache.velocity.runtime.log.Log4JLogChute
2014-03-24 23:48:57,624 - Using logger class org.apache.velocity.runtime.log.Log4JLogChute
2014-03-24 23:48:57,626 - Default ResourceManager initializing. (class org.apache.velocity.runtime.resource.ResourceManagerImpl)
2014-03-24 23:48:57,629 - ResourceLoader instantiated: org.apache.velocity.runtime.resource.loader.FileResourceLoader
2014-03-24 23:48:57,630 - Do unicode file recognition:  false
2014-03-24 23:48:57,630 - FileResourceLoader : adding path '.'
2014-03-24 23:48:57,640 - ResourceCache: initialized (class org.apache.velocity.runtime.resource.ResourceCacheImpl)
2014-03-24 23:48:57,641 - Loaded System Directive: org.apache.velocity.runtime.directive.Literal
2014-03-24 23:48:57,642 - Loaded System Directive: org.apache.velocity.runtime.directive.Macro
2014-03-24 23:48:57,643 - Loaded System Directive: org.apache.velocity.runtime.directive.Parse
2014-03-24 23:48:57,644 - Loaded System Directive: org.apache.velocity.runtime.directive.Include
2014-03-24 23:48:57,645 - Loaded System Directive: org.apache.velocity.runtime.directive.Foreach
2014-03-24 23:48:57,668 - Created '20' parsers.
2014-03-24 23:48:57,673 - Velocimacro : "velocimacro.library" is not set.  Trying default library: VM_global_library.vm
2014-03-24 23:48:57,674 - Velocimacro : Default library not found.
2014-03-24 23:48:57,674 - Velocimacro : allowInline = true : VMs can be defined inline in templates
2014-03-24 23:48:57,674 - Velocimacro : allowInlineToOverride = false : VMs defined inline may NOT replace previous VM definitions
2014-03-24 23:48:57,674 - Velocimacro : allowInlineLocal = false : VMs defined inline will be global in scope if allowed.
2014-03-24 23:48:57,674 - Velocimacro : autoload off : VM system will not automatically reload global library macros
2014-03-24 23:50:39,928 - Log4JLogChute initialized using file 'velocity.log'
2014-03-24 23:50:39,929 - Velocity was not initialized! Calling init()...
2014-03-24 23:50:39,929 - Starting Apache Velocity v1.5 (compiled: 2007-02-22 08:52:29)
2014-03-24 23:50:39,929 - Default Properties File: org/apache/velocity/runtime/defaults/velocity.properties
2014-03-24 23:50:39,929 - Trying to use logger class org.apache.velocity.runtime.log.AvalonLogChute
2014-03-24 23:50:39,931 - Couldn't find class org.apache.velocity.runtime.log.AvalonLogChute or necessary supporting classes in classpath.
java.lang.NoClassDefFoundError: org/apache/log/format/Formatter
	at java.lang.Class.forName0(Native Method)
	at java.lang.Class.forName(Class.java:270)
	at org.apache.velocity.util.ClassUtils.getClass(ClassUtils.java:63)
	at org.apache.velocity.util.ClassUtils.getNewInstance(ClassUtils.java:95)
	at org.apache.velocity.runtime.log.LogManager.createLogChute(LogManager.java:147)
	at org.apache.velocity.runtime.log.LogManager.updateLog(LogManager.java:208)
	at org.apache.velocity.runtime.RuntimeInstance.initializeLog(RuntimeInstance.java:728)
	at org.apache.velocity.runtime.RuntimeInstance.init(RuntimeInstance.java:240)
	at org.apache.velocity.runtime.RuntimeInstance.parse(RuntimeInstance.java:993)
	at org.apache.velocity.runtime.RuntimeInstance.parse(RuntimeInstance.java:972)
	at org.apache.velocity.runtime.RuntimeSingleton.parse(RuntimeSingleton.java:265)
	at org.apache.velocity.app.Velocity.evaluate(Velocity.java:274)
	at org.t0tec.tutorials.weather.WeatherFormatter.format(WeatherFormatter.java:23)
	at org.t0tec.tutorials.weather.Main.start(Main.java:38)
	at org.t0tec.tutorials.weather.Main.main(Main.java:21)
	at sun.reflect.NativeMethodAccessorImpl.invoke0(Native Method)
	at sun.reflect.NativeMethodAccessorImpl.invoke(NativeMethodAccessorImpl.java:57)
	at sun.reflect.DelegatingMethodAccessorImpl.invoke(DelegatingMethodAccessorImpl.java:43)
	at java.lang.reflect.Method.invoke(Method.java:606)
	at org.codehaus.mojo.exec.ExecJavaMojo$1.run(ExecJavaMojo.java:297)
	at java.lang.Thread.run(Thread.java:744)
Caused by: java.lang.ClassNotFoundException: org.apache.log.format.Formatter
	at java.net.URLClassLoader$1.run(URLClassLoader.java:366)
	at java.net.URLClassLoader$1.run(URLClassLoader.java:355)
	at java.security.AccessController.doPrivileged(Native Method)
	at java.net.URLClassLoader.findClass(URLClassLoader.java:354)
	at java.lang.ClassLoader.loadClass(ClassLoader.java:425)
	at java.lang.ClassLoader.loadClass(ClassLoader.java:358)
	... 21 more
2014-03-24 23:50:39,933 - Trying to use logger class org.apache.velocity.runtime.log.Log4JLogChute
2014-03-24 23:50:39,933 - Using logger class org.apache.velocity.runtime.log.Log4JLogChute
2014-03-24 23:50:39,935 - Default ResourceManager initializing. (class org.apache.velocity.runtime.resource.ResourceManagerImpl)
2014-03-24 23:50:39,940 - ResourceLoader instantiated: org.apache.velocity.runtime.resource.loader.FileResourceLoader
2014-03-24 23:50:39,941 - Do unicode file recognition:  false
2014-03-24 23:50:39,941 - FileResourceLoader : adding path '.'
2014-03-24 23:50:39,951 - ResourceCache: initialized (class org.apache.velocity.runtime.resource.ResourceCacheImpl)
2014-03-24 23:50:39,952 - Loaded System Directive: org.apache.velocity.runtime.directive.Literal
2014-03-24 23:50:39,954 - Loaded System Directive: org.apache.velocity.runtime.directive.Macro
2014-03-24 23:50:39,956 - Loaded System Directive: org.apache.velocity.runtime.directive.Parse
2014-03-24 23:50:39,958 - Loaded System Directive: org.apache.velocity.runtime.directive.Include
2014-03-24 23:50:39,959 - Loaded System Directive: org.apache.velocity.runtime.directive.Foreach
2014-03-24 23:50:39,983 - Created '20' parsers.
2014-03-24 23:50:39,989 - Velocimacro : "velocimacro.library" is not set.  Trying default library: VM_global_library.vm
2014-03-24 23:50:39,989 - Velocimacro : Default library not found.
2014-03-24 23:50:39,989 - Velocimacro : allowInline = true : VMs can be defined inline in templates
2014-03-24 23:50:39,989 - Velocimacro : allowInlineToOverride = false : VMs defined inline may NOT replace previous VM definitions
2014-03-24 23:50:39,989 - Velocimacro : allowInlineLocal = false : VMs defined inline will be global in scope if allowed.
2014-03-24 23:50:39,989 - Velocimacro : autoload off : VM system will not automatically reload global library macros
2014-03-25 00:04:53,841 - Log4JLogChute initialized using file 'velocity.log'
2014-03-25 00:04:53,841 - Velocity was not initialized! Calling init()...
2014-03-25 00:04:53,841 - Starting Apache Velocity v1.5 (compiled: 2007-02-22 08:52:29)
2014-03-25 00:04:53,841 - Default Properties File: org/apache/velocity/runtime/defaults/velocity.properties
2014-03-25 00:04:53,841 - Trying to use logger class org.apache.velocity.runtime.log.AvalonLogChute
2014-03-25 00:04:53,843 - Couldn't find class org.apache.velocity.runtime.log.AvalonLogChute or necessary supporting classes in classpath.
java.lang.NoClassDefFoundError: org/apache/log/format/Formatter
	at java.lang.Class.forName0(Native Method)
	at java.lang.Class.forName(Class.java:270)
	at org.apache.velocity.util.ClassUtils.getClass(ClassUtils.java:63)
	at org.apache.velocity.util.ClassUtils.getNewInstance(ClassUtils.java:95)
	at org.apache.velocity.runtime.log.LogManager.createLogChute(LogManager.java:147)
	at org.apache.velocity.runtime.log.LogManager.updateLog(LogManager.java:208)
	at org.apache.velocity.runtime.RuntimeInstance.initializeLog(RuntimeInstance.java:728)
	at org.apache.velocity.runtime.RuntimeInstance.init(RuntimeInstance.java:240)
	at org.apache.velocity.runtime.RuntimeInstance.parse(RuntimeInstance.java:993)
	at org.apache.velocity.runtime.RuntimeInstance.parse(RuntimeInstance.java:972)
	at org.apache.velocity.runtime.RuntimeSingleton.parse(RuntimeSingleton.java:265)
	at org.apache.velocity.app.Velocity.evaluate(Velocity.java:274)
	at org.t0tec.tutorials.weather.WeatherFormatter.format(WeatherFormatter.java:23)
	at org.t0tec.tutorials.weather.WeatherFormatterTest.testFormat(WeatherFormatterTest.java:18)
	at sun.reflect.NativeMethodAccessorImpl.invoke0(Native Method)
	at sun.reflect.NativeMethodAccessorImpl.invoke(NativeMethodAccessorImpl.java:57)
	at sun.reflect.DelegatingMethodAccessorImpl.invoke(DelegatingMethodAccessorImpl.java:43)
	at java.lang.reflect.Method.invoke(Method.java:606)
	at junit.framework.TestCase.runTest(TestCase.java:154)
	at junit.framework.TestCase.runBare(TestCase.java:127)
	at junit.framework.TestResult$1.protect(TestResult.java:106)
	at junit.framework.TestResult.runProtected(TestResult.java:124)
	at junit.framework.TestResult.run(TestResult.java:109)
	at junit.framework.TestCase.run(TestCase.java:118)
	at junit.framework.TestSuite.runTest(TestSuite.java:208)
	at junit.framework.TestSuite.run(TestSuite.java:203)
	at sun.reflect.NativeMethodAccessorImpl.invoke0(Native Method)
	at sun.reflect.NativeMethodAccessorImpl.invoke(NativeMethodAccessorImpl.java:57)
	at sun.reflect.DelegatingMethodAccessorImpl.invoke(DelegatingMethodAccessorImpl.java:43)
	at java.lang.reflect.Method.invoke(Method.java:606)
	at org.apache.maven.surefire.junit.JUnitTestSet.execute(JUnitTestSet.java:95)
	at org.apache.maven.surefire.junit.JUnit3Provider.executeTestSet(JUnit3Provider.java:121)
	at org.apache.maven.surefire.junit.JUnit3Provider.invoke(JUnit3Provider.java:98)
	at sun.reflect.NativeMethodAccessorImpl.invoke0(Native Method)
	at sun.reflect.NativeMethodAccessorImpl.invoke(NativeMethodAccessorImpl.java:57)
	at sun.reflect.DelegatingMethodAccessorImpl.invoke(DelegatingMethodAccessorImpl.java:43)
	at java.lang.reflect.Method.invoke(Method.java:606)
	at org.apache.maven.surefire.util.ReflectionUtils.invokeMethodWithArray(ReflectionUtils.java:189)
	at org.apache.maven.surefire.booter.ProviderFactory$ProviderProxy.invoke(ProviderFactory.java:165)
	at org.apache.maven.surefire.booter.ProviderFactory.invokeProvider(ProviderFactory.java:85)
	at org.apache.maven.surefire.booter.ForkedBooter.runSuitesInProcess(ForkedBooter.java:115)
	at org.apache.maven.surefire.booter.ForkedBooter.main(ForkedBooter.java:75)
Caused by: java.lang.ClassNotFoundException: org.apache.log.format.Formatter
	at java.net.URLClassLoader$1.run(URLClassLoader.java:366)
	at java.net.URLClassLoader$1.run(URLClassLoader.java:355)
	at java.security.AccessController.doPrivileged(Native Method)
	at java.net.URLClassLoader.findClass(URLClassLoader.java:354)
	at java.lang.ClassLoader.loadClass(ClassLoader.java:425)
	at sun.misc.Launcher$AppClassLoader.loadClass(Launcher.java:308)
	at java.lang.ClassLoader.loadClass(ClassLoader.java:358)
	... 42 more
2014-03-25 00:04:53,847 - Trying to use logger class org.apache.velocity.runtime.log.Log4JLogChute
2014-03-25 00:04:53,847 - Using logger class org.apache.velocity.runtime.log.Log4JLogChute
2014-03-25 00:04:53,850 - Default ResourceManager initializing. (class org.apache.velocity.runtime.resource.ResourceManagerImpl)
2014-03-25 00:04:53,856 - ResourceLoader instantiated: org.apache.velocity.runtime.resource.loader.FileResourceLoader
2014-03-25 00:04:53,858 - Do unicode file recognition:  false
2014-03-25 00:04:53,858 - FileResourceLoader : adding path '.'
2014-03-25 00:04:53,881 - ResourceCache: initialized (class org.apache.velocity.runtime.resource.ResourceCacheImpl)
2014-03-25 00:04:53,883 - Loaded System Directive: org.apache.velocity.runtime.directive.Literal
2014-03-25 00:04:53,885 - Loaded System Directive: org.apache.velocity.runtime.directive.Macro
2014-03-25 00:04:53,887 - Loaded System Directive: org.apache.velocity.runtime.directive.Parse
2014-03-25 00:04:53,889 - Loaded System Directive: org.apache.velocity.runtime.directive.Include
2014-03-25 00:04:53,890 - Loaded System Directive: org.apache.velocity.runtime.directive.Foreach
2014-03-25 00:04:53,929 - Created '20' parsers.
2014-03-25 00:04:53,940 - Velocimacro : "velocimacro.library" is not set.  Trying default library: VM_global_library.vm
2014-03-25 00:04:53,940 - Velocimacro : Default library not found.
2014-03-25 00:04:53,940 - Velocimacro : allowInline = true : VMs can be defined inline in templates
2014-03-25 00:04:53,940 - Velocimacro : allowInlineToOverride = false : VMs defined inline may NOT replace previous VM definitions
2014-03-25 00:04:53,941 - Velocimacro : allowInlineLocal = false : VMs defined inline will be global in scope if allowed.
2014-03-25 00:04:53,941 - Velocimacro : autoload off : VM system will not automatically reload global library macros
2014-03-25 00:05:05,266 - Log4JLogChute initialized using file 'velocity.log'
2014-03-25 00:05:05,267 - Velocity was not initialized! Calling init()...
2014-03-25 00:05:05,267 - Starting Apache Velocity v1.5 (compiled: 2007-02-22 08:52:29)
2014-03-25 00:05:05,267 - Default Properties File: org/apache/velocity/runtime/defaults/velocity.properties
2014-03-25 00:05:05,267 - Trying to use logger class org.apache.velocity.runtime.log.AvalonLogChute
2014-03-25 00:05:05,268 - Couldn't find class org.apache.velocity.runtime.log.AvalonLogChute or necessary supporting classes in classpath.
java.lang.NoClassDefFoundError: org/apache/log/format/Formatter
	at java.lang.Class.forName0(Native Method)
	at java.lang.Class.forName(Class.java:270)
	at org.apache.velocity.util.ClassUtils.getClass(ClassUtils.java:63)
	at org.apache.velocity.util.ClassUtils.getNewInstance(ClassUtils.java:95)
	at org.apache.velocity.runtime.log.LogManager.createLogChute(LogManager.java:147)
	at org.apache.velocity.runtime.log.LogManager.updateLog(LogManager.java:208)
	at org.apache.velocity.runtime.RuntimeInstance.initializeLog(RuntimeInstance.java:728)
	at org.apache.velocity.runtime.RuntimeInstance.init(RuntimeInstance.java:240)
	at org.apache.velocity.runtime.RuntimeInstance.parse(RuntimeInstance.java:993)
	at org.apache.velocity.runtime.RuntimeInstance.parse(RuntimeInstance.java:972)
	at org.apache.velocity.runtime.RuntimeSingleton.parse(RuntimeSingleton.java:265)
	at org.apache.velocity.app.Velocity.evaluate(Velocity.java:274)
	at org.t0tec.tutorials.weather.WeatherFormatter.format(WeatherFormatter.java:23)
	at org.t0tec.tutorials.weather.WeatherFormatterTest.testFormat(WeatherFormatterTest.java:18)
	at sun.reflect.NativeMethodAccessorImpl.invoke0(Native Method)
	at sun.reflect.NativeMethodAccessorImpl.invoke(NativeMethodAccessorImpl.java:57)
	at sun.reflect.DelegatingMethodAccessorImpl.invoke(DelegatingMethodAccessorImpl.java:43)
	at java.lang.reflect.Method.invoke(Method.java:606)
	at junit.framework.TestCase.runTest(TestCase.java:154)
	at junit.framework.TestCase.runBare(TestCase.java:127)
	at junit.framework.TestResult$1.protect(TestResult.java:106)
	at junit.framework.TestResult.runProtected(TestResult.java:124)
	at junit.framework.TestResult.run(TestResult.java:109)
	at junit.framework.TestCase.run(TestCase.java:118)
	at junit.framework.TestSuite.runTest(TestSuite.java:208)
	at junit.framework.TestSuite.run(TestSuite.java:203)
	at org.eclipse.jdt.internal.junit.runner.junit3.JUnit3TestReference.run(JUnit3TestReference.java:131)
	at org.eclipse.jdt.internal.junit.runner.TestExecution.run(TestExecution.java:38)
	at org.eclipse.jdt.internal.junit.runner.RemoteTestRunner.runTests(RemoteTestRunner.java:467)
	at org.eclipse.jdt.internal.junit.runner.RemoteTestRunner.runTests(RemoteTestRunner.java:683)
	at org.eclipse.jdt.internal.junit.runner.RemoteTestRunner.run(RemoteTestRunner.java:390)
	at org.eclipse.jdt.internal.junit.runner.RemoteTestRunner.main(RemoteTestRunner.java:197)
Caused by: java.lang.ClassNotFoundException: org.apache.log.format.Formatter
	at java.net.URLClassLoader$1.run(URLClassLoader.java:366)
	at java.net.URLClassLoader$1.run(URLClassLoader.java:355)
	at java.security.AccessController.doPrivileged(Native Method)
	at java.net.URLClassLoader.findClass(URLClassLoader.java:354)
	at java.lang.ClassLoader.loadClass(ClassLoader.java:425)
	at sun.misc.Launcher$AppClassLoader.loadClass(Launcher.java:308)
	at java.lang.ClassLoader.loadClass(ClassLoader.java:358)
	... 32 more
2014-03-25 00:05:05,270 - Trying to use logger class org.apache.velocity.runtime.log.Log4JLogChute
2014-03-25 00:05:05,270 - Using logger class org.apache.velocity.runtime.log.Log4JLogChute
2014-03-25 00:05:05,272 - Default ResourceManager initializing. (class org.apache.velocity.runtime.resource.ResourceManagerImpl)
2014-03-25 00:05:05,275 - ResourceLoader instantiated: org.apache.velocity.runtime.resource.loader.FileResourceLoader
2014-03-25 00:05:05,276 - Do unicode file recognition:  false
2014-03-25 00:05:05,276 - FileResourceLoader : adding path '.'
2014-03-25 00:05:05,288 - ResourceCache: initialized (class org.apache.velocity.runtime.resource.ResourceCacheImpl)
2014-03-25 00:05:05,289 - Loaded System Directive: org.apache.velocity.runtime.directive.Literal
2014-03-25 00:05:05,290 - Loaded System Directive: org.apache.velocity.runtime.directive.Macro
2014-03-25 00:05:05,291 - Loaded System Directive: org.apache.velocity.runtime.directive.Parse
2014-03-25 00:05:05,292 - Loaded System Directive: org.apache.velocity.runtime.directive.Include
2014-03-25 00:05:05,293 - Loaded System Directive: org.apache.velocity.runtime.directive.Foreach
2014-03-25 00:05:05,328 - Created '20' parsers.
2014-03-25 00:05:05,337 - Velocimacro : "velocimacro.library" is not set.  Trying default library: VM_global_library.vm
2014-03-25 00:05:05,338 - Velocimacro : Default library not found.
2014-03-25 00:05:05,338 - Velocimacro : allowInline = true : VMs can be defined inline in templates
2014-03-25 00:05:05,338 - Velocimacro : allowInlineToOverride = false : VMs defined inline may NOT replace previous VM definitions
2014-03-25 00:05:05,338 - Velocimacro : allowInlineLocal = false : VMs defined inline will be global in scope if allowed.
2014-03-25 00:05:05,338 - Velocimacro : autoload off : VM system will not automatically reload global library macros
2014-03-25 00:06:58,073 - Log4JLogChute initialized using file 'velocity.log'
2014-03-25 00:06:58,074 - Velocity was not initialized! Calling init()...
2014-03-25 00:06:58,074 - Starting Apache Velocity v1.5 (compiled: 2007-02-22 08:52:29)
2014-03-25 00:06:58,074 - Default Properties File: org/apache/velocity/runtime/defaults/velocity.properties
2014-03-25 00:06:58,074 - Trying to use logger class org.apache.velocity.runtime.log.AvalonLogChute
2014-03-25 00:06:58,076 - Couldn't find class org.apache.velocity.runtime.log.AvalonLogChute or necessary supporting classes in classpath.
java.lang.NoClassDefFoundError: org/apache/log/format/Formatter
	at java.lang.Class.forName0(Native Method)
	at java.lang.Class.forName(Class.java:270)
	at org.apache.velocity.util.ClassUtils.getClass(ClassUtils.java:63)
	at org.apache.velocity.util.ClassUtils.getNewInstance(ClassUtils.java:95)
	at org.apache.velocity.runtime.log.LogManager.createLogChute(LogManager.java:147)
	at org.apache.velocity.runtime.log.LogManager.updateLog(LogManager.java:208)
	at org.apache.velocity.runtime.RuntimeInstance.initializeLog(RuntimeInstance.java:728)
	at org.apache.velocity.runtime.RuntimeInstance.init(RuntimeInstance.java:240)
	at org.apache.velocity.runtime.RuntimeInstance.parse(RuntimeInstance.java:993)
	at org.apache.velocity.runtime.RuntimeInstance.parse(RuntimeInstance.java:972)
	at org.apache.velocity.runtime.RuntimeSingleton.parse(RuntimeSingleton.java:265)
	at org.apache.velocity.app.Velocity.evaluate(Velocity.java:274)
	at org.t0tec.tutorials.weather.WeatherFormatter.format(WeatherFormatter.java:23)
	at org.t0tec.tutorials.weather.WeatherFormatterTest.testFormat(WeatherFormatterTest.java:18)
	at sun.reflect.NativeMethodAccessorImpl.invoke0(Native Method)
	at sun.reflect.NativeMethodAccessorImpl.invoke(NativeMethodAccessorImpl.java:57)
	at sun.reflect.DelegatingMethodAccessorImpl.invoke(DelegatingMethodAccessorImpl.java:43)
	at java.lang.reflect.Method.invoke(Method.java:606)
	at junit.framework.TestCase.runTest(TestCase.java:154)
	at junit.framework.TestCase.runBare(TestCase.java:127)
	at junit.framework.TestResult$1.protect(TestResult.java:106)
	at junit.framework.TestResult.runProtected(TestResult.java:124)
	at junit.framework.TestResult.run(TestResult.java:109)
	at junit.framework.TestCase.run(TestCase.java:118)
	at junit.framework.TestSuite.runTest(TestSuite.java:208)
	at junit.framework.TestSuite.run(TestSuite.java:203)
	at sun.reflect.NativeMethodAccessorImpl.invoke0(Native Method)
	at sun.reflect.NativeMethodAccessorImpl.invoke(NativeMethodAccessorImpl.java:57)
	at sun.reflect.DelegatingMethodAccessorImpl.invoke(DelegatingMethodAccessorImpl.java:43)
	at java.lang.reflect.Method.invoke(Method.java:606)
	at org.apache.maven.surefire.junit.JUnitTestSet.execute(JUnitTestSet.java:95)
	at org.apache.maven.surefire.junit.JUnit3Provider.executeTestSet(JUnit3Provider.java:121)
	at org.apache.maven.surefire.junit.JUnit3Provider.invoke(JUnit3Provider.java:98)
	at sun.reflect.NativeMethodAccessorImpl.invoke0(Native Method)
	at sun.reflect.NativeMethodAccessorImpl.invoke(NativeMethodAccessorImpl.java:57)
	at sun.reflect.DelegatingMethodAccessorImpl.invoke(DelegatingMethodAccessorImpl.java:43)
	at java.lang.reflect.Method.invoke(Method.java:606)
	at org.apache.maven.surefire.util.ReflectionUtils.invokeMethodWithArray(ReflectionUtils.java:189)
	at org.apache.maven.surefire.booter.ProviderFactory$ProviderProxy.invoke(ProviderFactory.java:165)
	at org.apache.maven.surefire.booter.ProviderFactory.invokeProvider(ProviderFactory.java:85)
	at org.apache.maven.surefire.booter.ForkedBooter.runSuitesInProcess(ForkedBooter.java:115)
	at org.apache.maven.surefire.booter.ForkedBooter.main(ForkedBooter.java:75)
Caused by: java.lang.ClassNotFoundException: org.apache.log.format.Formatter
	at java.net.URLClassLoader$1.run(URLClassLoader.java:366)
	at java.net.URLClassLoader$1.run(URLClassLoader.java:355)
	at java.security.AccessController.doPrivileged(Native Method)
	at java.net.URLClassLoader.findClass(URLClassLoader.java:354)
	at java.lang.ClassLoader.loadClass(ClassLoader.java:425)
	at sun.misc.Launcher$AppClassLoader.loadClass(Launcher.java:308)
	at java.lang.ClassLoader.loadClass(ClassLoader.java:358)
	... 42 more
2014-03-25 00:06:58,081 - Trying to use logger class org.apache.velocity.runtime.log.Log4JLogChute
2014-03-25 00:06:58,081 - Using logger class org.apache.velocity.runtime.log.Log4JLogChute
2014-03-25 00:06:58,084 - Default ResourceManager initializing. (class org.apache.velocity.runtime.resource.ResourceManagerImpl)
2014-03-25 00:06:58,090 - ResourceLoader instantiated: org.apache.velocity.runtime.resource.loader.FileResourceLoader
2014-03-25 00:06:58,092 - Do unicode file recognition:  false
2014-03-25 00:06:58,092 - FileResourceLoader : adding path '.'
2014-03-25 00:06:58,126 - ResourceCache: initialized (class org.apache.velocity.runtime.resource.ResourceCacheImpl)
2014-03-25 00:06:58,128 - Loaded System Directive: org.apache.velocity.runtime.directive.Literal
2014-03-25 00:06:58,130 - Loaded System Directive: org.apache.velocity.runtime.directive.Macro
2014-03-25 00:06:58,133 - Loaded System Directive: org.apache.velocity.runtime.directive.Parse
2014-03-25 00:06:58,135 - Loaded System Directive: org.apache.velocity.runtime.directive.Include
2014-03-25 00:06:58,136 - Loaded System Directive: org.apache.velocity.runtime.directive.Foreach
2014-03-25 00:06:58,182 - Created '20' parsers.
2014-03-25 00:06:58,198 - Velocimacro : "velocimacro.library" is not set.  Trying default library: VM_global_library.vm
2014-03-25 00:06:58,198 - Velocimacro : Default library not found.
2014-03-25 00:06:58,199 - Velocimacro : allowInline = true : VMs can be defined inline in templates
2014-03-25 00:06:58,199 - Velocimacro : allowInlineToOverride = false : VMs defined inline may NOT replace previous VM definitions
2014-03-25 00:06:58,199 - Velocimacro : allowInlineLocal = false : VMs defined inline will be global in scope if allowed.
2014-03-25 00:06:58,199 - Velocimacro : autoload off : VM system will not automatically reload global library macros
2014-03-25 00:09:21,470 - Log4JLogChute initialized using file 'velocity.log'
2014-03-25 00:09:21,471 - Velocity was not initialized! Calling init()...
2014-03-25 00:09:21,471 - Starting Apache Velocity v1.5 (compiled: 2007-02-22 08:52:29)
2014-03-25 00:09:21,471 - Default Properties File: org/apache/velocity/runtime/defaults/velocity.properties
2014-03-25 00:09:21,471 - Trying to use logger class org.apache.velocity.runtime.log.AvalonLogChute
2014-03-25 00:09:21,472 - Couldn't find class org.apache.velocity.runtime.log.AvalonLogChute or necessary supporting classes in classpath.
java.lang.NoClassDefFoundError: org/apache/log/format/Formatter
	at java.lang.Class.forName0(Native Method)
	at java.lang.Class.forName(Class.java:270)
	at org.apache.velocity.util.ClassUtils.getClass(ClassUtils.java:63)
	at org.apache.velocity.util.ClassUtils.getNewInstance(ClassUtils.java:95)
	at org.apache.velocity.runtime.log.LogManager.createLogChute(LogManager.java:147)
	at org.apache.velocity.runtime.log.LogManager.updateLog(LogManager.java:208)
	at org.apache.velocity.runtime.RuntimeInstance.initializeLog(RuntimeInstance.java:728)
	at org.apache.velocity.runtime.RuntimeInstance.init(RuntimeInstance.java:240)
	at org.apache.velocity.runtime.RuntimeInstance.parse(RuntimeInstance.java:993)
	at org.apache.velocity.runtime.RuntimeInstance.parse(RuntimeInstance.java:972)
	at org.apache.velocity.runtime.RuntimeSingleton.parse(RuntimeSingleton.java:265)
	at org.apache.velocity.app.Velocity.evaluate(Velocity.java:274)
	at org.t0tec.tutorials.weather.WeatherFormatter.format(WeatherFormatter.java:23)
	at org.t0tec.tutorials.weather.WeatherFormatterTest.testFormat(WeatherFormatterTest.java:18)
	at sun.reflect.NativeMethodAccessorImpl.invoke0(Native Method)
	at sun.reflect.NativeMethodAccessorImpl.invoke(NativeMethodAccessorImpl.java:57)
	at sun.reflect.DelegatingMethodAccessorImpl.invoke(DelegatingMethodAccessorImpl.java:43)
	at java.lang.reflect.Method.invoke(Method.java:606)
	at junit.framework.TestCase.runTest(TestCase.java:154)
	at junit.framework.TestCase.runBare(TestCase.java:127)
	at junit.framework.TestResult$1.protect(TestResult.java:106)
	at junit.framework.TestResult.runProtected(TestResult.java:124)
	at junit.framework.TestResult.run(TestResult.java:109)
	at junit.framework.TestCase.run(TestCase.java:118)
	at junit.framework.TestSuite.runTest(TestSuite.java:208)
	at junit.framework.TestSuite.run(TestSuite.java:203)
	at sun.reflect.NativeMethodAccessorImpl.invoke0(Native Method)
	at sun.reflect.NativeMethodAccessorImpl.invoke(NativeMethodAccessorImpl.java:57)
	at sun.reflect.DelegatingMethodAccessorImpl.invoke(DelegatingMethodAccessorImpl.java:43)
	at java.lang.reflect.Method.invoke(Method.java:606)
	at org.apache.maven.surefire.junit.JUnitTestSet.execute(JUnitTestSet.java:95)
	at org.apache.maven.surefire.junit.JUnit3Provider.executeTestSet(JUnit3Provider.java:121)
	at org.apache.maven.surefire.junit.JUnit3Provider.invoke(JUnit3Provider.java:98)
	at sun.reflect.NativeMethodAccessorImpl.invoke0(Native Method)
	at sun.reflect.NativeMethodAccessorImpl.invoke(NativeMethodAccessorImpl.java:57)
	at sun.reflect.DelegatingMethodAccessorImpl.invoke(DelegatingMethodAccessorImpl.java:43)
	at java.lang.reflect.Method.invoke(Method.java:606)
	at org.apache.maven.surefire.util.ReflectionUtils.invokeMethodWithArray(ReflectionUtils.java:189)
	at org.apache.maven.surefire.booter.ProviderFactory$ProviderProxy.invoke(ProviderFactory.java:165)
	at org.apache.maven.surefire.booter.ProviderFactory.invokeProvider(ProviderFactory.java:85)
	at org.apache.maven.surefire.booter.ForkedBooter.runSuitesInProcess(ForkedBooter.java:115)
	at org.apache.maven.surefire.booter.ForkedBooter.main(ForkedBooter.java:75)
Caused by: java.lang.ClassNotFoundException: org.apache.log.format.Formatter
	at java.net.URLClassLoader$1.run(URLClassLoader.java:366)
	at java.net.URLClassLoader$1.run(URLClassLoader.java:355)
	at java.security.AccessController.doPrivileged(Native Method)
	at java.net.URLClassLoader.findClass(URLClassLoader.java:354)
	at java.lang.ClassLoader.loadClass(ClassLoader.java:425)
	at sun.misc.Launcher$AppClassLoader.loadClass(Launcher.java:308)
	at java.lang.ClassLoader.loadClass(ClassLoader.java:358)
	... 42 more
2014-03-25 00:09:21,475 - Trying to use logger class org.apache.velocity.runtime.log.Log4JLogChute
2014-03-25 00:09:21,475 - Using logger class org.apache.velocity.runtime.log.Log4JLogChute
2014-03-25 00:09:21,477 - Default ResourceManager initializing. (class org.apache.velocity.runtime.resource.ResourceManagerImpl)
2014-03-25 00:09:21,481 - ResourceLoader instantiated: org.apache.velocity.runtime.resource.loader.FileResourceLoader
2014-03-25 00:09:21,482 - Do unicode file recognition:  false
2014-03-25 00:09:21,482 - FileResourceLoader : adding path '.'
2014-03-25 00:09:21,501 - ResourceCache: initialized (class org.apache.velocity.runtime.resource.ResourceCacheImpl)
2014-03-25 00:09:21,502 - Loaded System Directive: org.apache.velocity.runtime.directive.Literal
2014-03-25 00:09:21,504 - Loaded System Directive: org.apache.velocity.runtime.directive.Macro
2014-03-25 00:09:21,505 - Loaded System Directive: org.apache.velocity.runtime.directive.Parse
2014-03-25 00:09:21,507 - Loaded System Directive: org.apache.velocity.runtime.directive.Include
2014-03-25 00:09:21,508 - Loaded System Directive: org.apache.velocity.runtime.directive.Foreach
2014-03-25 00:09:21,535 - Created '20' parsers.
2014-03-25 00:09:21,542 - Velocimacro : "velocimacro.library" is not set.  Trying default library: VM_global_library.vm
2014-03-25 00:09:21,543 - Velocimacro : Default library not found.
2014-03-25 00:09:21,543 - Velocimacro : allowInline = true : VMs can be defined inline in templates
2014-03-25 00:09:21,543 - Velocimacro : allowInlineToOverride = false : VMs defined inline may NOT replace previous VM definitions
2014-03-25 00:09:21,543 - Velocimacro : allowInlineLocal = false : VMs defined inline will be global in scope if allowed.
2014-03-25 00:09:21,543 - Velocimacro : autoload off : VM system will not automatically reload global library macros
2014-03-25 00:13:24,307 - Log4JLogChute initialized using file 'velocity.log'
2014-03-25 00:13:24,308 - Velocity was not initialized! Calling init()...
2014-03-25 00:13:24,308 - Starting Apache Velocity v1.5 (compiled: 2007-02-22 08:52:29)
2014-03-25 00:13:24,308 - Default Properties File: org/apache/velocity/runtime/defaults/velocity.properties
2014-03-25 00:13:24,308 - Trying to use logger class org.apache.velocity.runtime.log.AvalonLogChute
2014-03-25 00:13:24,310 - Couldn't find class org.apache.velocity.runtime.log.AvalonLogChute or necessary supporting classes in classpath.
java.lang.NoClassDefFoundError: org/apache/log/format/Formatter
	at java.lang.Class.forName0(Native Method)
	at java.lang.Class.forName(Class.java:270)
	at org.apache.velocity.util.ClassUtils.getClass(ClassUtils.java:63)
	at org.apache.velocity.util.ClassUtils.getNewInstance(ClassUtils.java:95)
	at org.apache.velocity.runtime.log.LogManager.createLogChute(LogManager.java:147)
	at org.apache.velocity.runtime.log.LogManager.updateLog(LogManager.java:208)
	at org.apache.velocity.runtime.RuntimeInstance.initializeLog(RuntimeInstance.java:728)
	at org.apache.velocity.runtime.RuntimeInstance.init(RuntimeInstance.java:240)
	at org.apache.velocity.runtime.RuntimeInstance.parse(RuntimeInstance.java:993)
	at org.apache.velocity.runtime.RuntimeInstance.parse(RuntimeInstance.java:972)
	at org.apache.velocity.runtime.RuntimeSingleton.parse(RuntimeSingleton.java:265)
	at org.apache.velocity.app.Velocity.evaluate(Velocity.java:274)
	at org.t0tec.tutorials.weather.WeatherFormatter.format(WeatherFormatter.java:23)
	at org.t0tec.tutorials.weather.WeatherFormatterTest.testFormat(WeatherFormatterTest.java:18)
	at sun.reflect.NativeMethodAccessorImpl.invoke0(Native Method)
	at sun.reflect.NativeMethodAccessorImpl.invoke(NativeMethodAccessorImpl.java:57)
	at sun.reflect.DelegatingMethodAccessorImpl.invoke(DelegatingMethodAccessorImpl.java:43)
	at java.lang.reflect.Method.invoke(Method.java:606)
	at junit.framework.TestCase.runTest(TestCase.java:154)
	at junit.framework.TestCase.runBare(TestCase.java:127)
	at junit.framework.TestResult$1.protect(TestResult.java:106)
	at junit.framework.TestResult.runProtected(TestResult.java:124)
	at junit.framework.TestResult.run(TestResult.java:109)
	at junit.framework.TestCase.run(TestCase.java:118)
	at junit.framework.TestSuite.runTest(TestSuite.java:208)
	at junit.framework.TestSuite.run(TestSuite.java:203)
	at sun.reflect.NativeMethodAccessorImpl.invoke0(Native Method)
	at sun.reflect.NativeMethodAccessorImpl.invoke(NativeMethodAccessorImpl.java:57)
	at sun.reflect.DelegatingMethodAccessorImpl.invoke(DelegatingMethodAccessorImpl.java:43)
	at java.lang.reflect.Method.invoke(Method.java:606)
	at org.apache.maven.surefire.junit.JUnitTestSet.execute(JUnitTestSet.java:95)
	at org.apache.maven.surefire.junit.JUnit3Provider.executeTestSet(JUnit3Provider.java:121)
	at org.apache.maven.surefire.junit.JUnit3Provider.invoke(JUnit3Provider.java:98)
	at sun.reflect.NativeMethodAccessorImpl.invoke0(Native Method)
	at sun.reflect.NativeMethodAccessorImpl.invoke(NativeMethodAccessorImpl.java:57)
	at sun.reflect.DelegatingMethodAccessorImpl.invoke(DelegatingMethodAccessorImpl.java:43)
	at java.lang.reflect.Method.invoke(Method.java:606)
	at org.apache.maven.surefire.util.ReflectionUtils.invokeMethodWithArray(ReflectionUtils.java:189)
	at org.apache.maven.surefire.booter.ProviderFactory$ProviderProxy.invoke(ProviderFactory.java:165)
	at org.apache.maven.surefire.booter.ProviderFactory.invokeProvider(ProviderFactory.java:85)
	at org.apache.maven.surefire.booter.ForkedBooter.runSuitesInProcess(ForkedBooter.java:115)
	at org.apache.maven.surefire.booter.ForkedBooter.main(ForkedBooter.java:75)
Caused by: java.lang.ClassNotFoundException: org.apache.log.format.Formatter
	at java.net.URLClassLoader$1.run(URLClassLoader.java:366)
	at java.net.URLClassLoader$1.run(URLClassLoader.java:355)
	at java.security.AccessController.doPrivileged(Native Method)
	at java.net.URLClassLoader.findClass(URLClassLoader.java:354)
	at java.lang.ClassLoader.loadClass(ClassLoader.java:425)
	at sun.misc.Launcher$AppClassLoader.loadClass(Launcher.java:308)
	at java.lang.ClassLoader.loadClass(ClassLoader.java:358)
	... 42 more
2014-03-25 00:13:24,314 - Trying to use logger class org.apache.velocity.runtime.log.Log4JLogChute
2014-03-25 00:13:24,314 - Using logger class org.apache.velocity.runtime.log.Log4JLogChute
2014-03-25 00:13:24,317 - Default ResourceManager initializing. (class org.apache.velocity.runtime.resource.ResourceManagerImpl)
2014-03-25 00:13:24,322 - ResourceLoader instantiated: org.apache.velocity.runtime.resource.loader.FileResourceLoader
2014-03-25 00:13:24,324 - Do unicode file recognition:  false
2014-03-25 00:13:24,324 - FileResourceLoader : adding path '.'
2014-03-25 00:13:24,345 - ResourceCache: initialized (class org.apache.velocity.runtime.resource.ResourceCacheImpl)
2014-03-25 00:13:24,346 - Loaded System Directive: org.apache.velocity.runtime.directive.Literal
2014-03-25 00:13:24,348 - Loaded System Directive: org.apache.velocity.runtime.directive.Macro
2014-03-25 00:13:24,349 - Loaded System Directive: org.apache.velocity.runtime.directive.Parse
2014-03-25 00:13:24,351 - Loaded System Directive: org.apache.velocity.runtime.directive.Include
2014-03-25 00:13:24,352 - Loaded System Directive: org.apache.velocity.runtime.directive.Foreach
2014-03-25 00:13:24,385 - Created '20' parsers.
2014-03-25 00:13:24,397 - Velocimacro : "velocimacro.library" is not set.  Trying default library: VM_global_library.vm
2014-03-25 00:13:24,398 - Velocimacro : Default library not found.
2014-03-25 00:13:24,398 - Velocimacro : allowInline = true : VMs can be defined inline in templates
2014-03-25 00:13:24,398 - Velocimacro : allowInlineToOverride = false : VMs defined inline may NOT replace previous VM definitions
2014-03-25 00:13:24,398 - Velocimacro : allowInlineLocal = false : VMs defined inline will be global in scope if allowed.
2014-03-25 00:13:24,398 - Velocimacro : autoload off : VM system will not automatically reload global library macros
